<?xml version="1.0" encoding="UTF-8"?>
<testsuite name="hatzisavas.edu.iit.cs330.fall2022.KeypadTest" tests="17" skipped="0" failures="0" errors="0" timestamp="2022-11-21T08:53:52" hostname="NIKO-LAPTOP" time="0.046">
  <properties/>
  <testcase name="test_that_output_in_state_got_3_is_empty_string()" classname="hatzisavas.edu.iit.cs330.fall2022.KeypadTest" time="0.027"/>
  <testcase name="test_83200_changes_state_to_got_5()" classname="hatzisavas.edu.iit.cs330.fall2022.KeypadTest" time="0.001"/>
  <testcase name="test_8320_changes_state_to_got_4()" classname="hatzisavas.edu.iit.cs330.fall2022.KeypadTest" time="0.001"/>
  <testcase name="test_new_instance_initial_state_is_start()" classname="hatzisavas.edu.iit.cs330.fall2022.KeypadTest" time="0.0"/>
  <testcase name="test_8_changes_state_to_got_1()" classname="hatzisavas.edu.iit.cs330.fall2022.KeypadTest" time="0.001"/>
  <testcase name="test_83_changes_state_to_got_2()" classname="hatzisavas.edu.iit.cs330.fall2022.KeypadTest" time="0.001"/>
  <testcase name="test_that_output_in_state_got_4_is_empty_string()" classname="hatzisavas.edu.iit.cs330.fall2022.KeypadTest" time="0.001"/>
  <testcase name="test_new_instance_output_is_empty_string()" classname="hatzisavas.edu.iit.cs330.fall2022.KeypadTest" time="0.001"/>
  <testcase name="test_that_output_in_state_got_1_is_empty_string()" classname="hatzisavas.edu.iit.cs330.fall2022.KeypadTest" time="0.001"/>
  <testcase name="test_832_changes_state_to_got_3()" classname="hatzisavas.edu.iit.cs330.fall2022.KeypadTest" time="0.0"/>
  <testcase name="test_digit_not_in_access_key_changes_state_to_start()" classname="hatzisavas.edu.iit.cs330.fall2022.KeypadTest" time="0.001"/>
  <testcase name="test_that_output_in_state_got_7_is_Locked()" classname="hatzisavas.edu.iit.cs330.fall2022.KeypadTest" time="0.001"/>
  <testcase name="test_832004_changes_state_to_got_7()" classname="hatzisavas.edu.iit.cs330.fall2022.KeypadTest" time="0.0"/>
  <testcase name="test_832001_changes_state_to_got_6()" classname="hatzisavas.edu.iit.cs330.fall2022.KeypadTest" time="0.0"/>
  <testcase name="test_that_output_in_state_got_6_is_Unlocked()" classname="hatzisavas.edu.iit.cs330.fall2022.KeypadTest" time="0.0"/>
  <testcase name="test_that_output_in_state_got_5_is_empty_string()" classname="hatzisavas.edu.iit.cs330.fall2022.KeypadTest" time="0.001"/>
  <testcase name="test_that_output_in_state_got_2_is_empty_string()" classname="hatzisavas.edu.iit.cs330.fall2022.KeypadTest" time="0.001"/>
  <system-out><![CDATA[]]></system-out>
  <system-err><![CDATA[]]></system-err>
</testsuite>
